<?xml version="1.0" encoding="UTF-8"?>
<robot generator="Robot 6.1.1 (Python 3.12.0 on win32)" generated="20231018 22:11:10.034" rpa="false" schemaversion="4">
<suite id="s1" name="Parameterize" source="C:\Users\KEAM IVAN\Sample\Tests\Parameterize.robot">
<test id="s1-t1" name="Valid credentials" line="10">
<kw name="Open second browser" library="lib" type="SETUP">
<kw name="Open Browser" library="SeleniumLibrary">
<arg>https://www.saucedemo.com/</arg>
<arg>Chrome</arg>
<doc>Opens a new browser instance to the optional ``url``.</doc>
<msg timestamp="20231018 22:11:10.460" level="INFO">Opening browser 'Chrome' to base url 'https://www.saucedemo.com/'.</msg>
<status status="PASS" starttime="20231018 22:11:10.459" endtime="20231018 22:11:13.912"/>
</kw>
<status status="PASS" starttime="20231018 22:11:10.459" endtime="20231018 22:11:13.912"/>
</kw>
<kw name="Test Case 1">
<arg>${dd-username}</arg>
<arg>${dd-password}</arg>
<kw name="Maximize Browser Window" library="SeleniumLibrary">
<doc>Maximizes current browser window.</doc>
<status status="PASS" starttime="20231018 22:11:13.919" endtime="20231018 22:11:15.002"/>
</kw>
<kw name="Login to the browser">
<arg>${username}</arg>
<arg>${password}</arg>
<kw name="Input Text" library="SeleniumLibrary">
<arg>${T3}[username]</arg>
<arg>${username}</arg>
<doc>Types the given ``text`` into the text field identified by ``locator``.</doc>
<msg timestamp="20231018 22:11:15.006" level="INFO">Typing text 'standard_user' into text field 'css:#user-name'.</msg>
<status status="PASS" starttime="20231018 22:11:15.005" endtime="20231018 22:11:15.174"/>
</kw>
<kw name="Input Text" library="SeleniumLibrary">
<arg>${T3}[pass]</arg>
<arg>${password}</arg>
<doc>Types the given ``text`` into the text field identified by ``locator``.</doc>
<msg timestamp="20231018 22:11:15.175" level="INFO">Typing text 'secret_sauce' into text field 'css:#password'.</msg>
<status status="PASS" starttime="20231018 22:11:15.174" endtime="20231018 22:11:15.290"/>
</kw>
<kw name="Click Element" library="SeleniumLibrary">
<arg>${T3}[lg-btn]</arg>
<doc>Click the element identified by ``locator``.</doc>
<msg timestamp="20231018 22:11:15.291" level="INFO">Clicking element 'css:#login-button'.</msg>
<status status="PASS" starttime="20231018 22:11:15.290" endtime="20231018 22:11:15.410"/>
</kw>
<status status="PASS" starttime="20231018 22:11:15.002" endtime="20231018 22:11:15.410"/>
</kw>
<status status="PASS" starttime="20231018 22:11:13.919" endtime="20231018 22:11:15.410"/>
</kw>
<kw name="Close Browser" library="SeleniumLibrary" type="TEARDOWN">
<doc>Closes the current browser.</doc>
<status status="PASS" starttime="20231018 22:11:15.411" endtime="20231018 22:11:17.663"/>
</kw>
<status status="PASS" starttime="20231018 22:11:10.457" endtime="20231018 22:11:17.663"/>
</test>
<test id="s1-t2" name="Invalid username" line="11">
<kw name="Open second browser" library="lib" type="SETUP">
<kw name="Open Browser" library="SeleniumLibrary">
<arg>https://www.saucedemo.com/</arg>
<arg>Chrome</arg>
<doc>Opens a new browser instance to the optional ``url``.</doc>
<msg timestamp="20231018 22:11:17.666" level="INFO">Opening browser 'Chrome' to base url 'https://www.saucedemo.com/'.</msg>
<status status="PASS" starttime="20231018 22:11:17.665" endtime="20231018 22:11:21.443"/>
</kw>
<status status="PASS" starttime="20231018 22:11:17.665" endtime="20231018 22:11:21.444"/>
</kw>
<kw name="Test Case 1">
<arg>2345678</arg>
<arg>${dd-password}</arg>
<kw name="Maximize Browser Window" library="SeleniumLibrary">
<doc>Maximizes current browser window.</doc>
<status status="PASS" starttime="20231018 22:11:21.444" endtime="20231018 22:11:21.580"/>
</kw>
<kw name="Login to the browser">
<arg>${username}</arg>
<arg>${password}</arg>
<kw name="Input Text" library="SeleniumLibrary">
<arg>${T3}[username]</arg>
<arg>${username}</arg>
<doc>Types the given ``text`` into the text field identified by ``locator``.</doc>
<msg timestamp="20231018 22:11:21.582" level="INFO">Typing text '2345678' into text field 'css:#user-name'.</msg>
<status status="PASS" starttime="20231018 22:11:21.581" endtime="20231018 22:11:21.746"/>
</kw>
<kw name="Input Text" library="SeleniumLibrary">
<arg>${T3}[pass]</arg>
<arg>${password}</arg>
<doc>Types the given ``text`` into the text field identified by ``locator``.</doc>
<msg timestamp="20231018 22:11:21.747" level="INFO">Typing text 'secret_sauce' into text field 'css:#password'.</msg>
<status status="PASS" starttime="20231018 22:11:21.746" endtime="20231018 22:11:21.855"/>
</kw>
<kw name="Click Element" library="SeleniumLibrary">
<arg>${T3}[lg-btn]</arg>
<doc>Click the element identified by ``locator``.</doc>
<msg timestamp="20231018 22:11:21.856" level="INFO">Clicking element 'css:#login-button'.</msg>
<status status="PASS" starttime="20231018 22:11:21.855" endtime="20231018 22:11:21.940"/>
</kw>
<status status="PASS" starttime="20231018 22:11:21.580" endtime="20231018 22:11:21.941"/>
</kw>
<status status="PASS" starttime="20231018 22:11:21.444" endtime="20231018 22:11:21.941"/>
</kw>
<kw name="Close Browser" library="SeleniumLibrary" type="TEARDOWN">
<doc>Closes the current browser.</doc>
<status status="PASS" starttime="20231018 22:11:21.941" endtime="20231018 22:11:24.080"/>
</kw>
<status status="PASS" starttime="20231018 22:11:17.664" endtime="20231018 22:11:24.080"/>
</test>
<test id="s1-t3" name="Invalid Password" line="12">
<kw name="Open second browser" library="lib" type="SETUP">
<kw name="Open Browser" library="SeleniumLibrary">
<arg>https://www.saucedemo.com/</arg>
<arg>Chrome</arg>
<doc>Opens a new browser instance to the optional ``url``.</doc>
<msg timestamp="20231018 22:11:24.083" level="INFO">Opening browser 'Chrome' to base url 'https://www.saucedemo.com/'.</msg>
<status status="PASS" starttime="20231018 22:11:24.082" endtime="20231018 22:11:26.866"/>
</kw>
<status status="PASS" starttime="20231018 22:11:24.082" endtime="20231018 22:11:26.866"/>
</kw>
<kw name="Test Case 1">
<arg>standard_user</arg>
<arg>asdfg</arg>
<kw name="Maximize Browser Window" library="SeleniumLibrary">
<doc>Maximizes current browser window.</doc>
<status status="PASS" starttime="20231018 22:11:26.868" endtime="20231018 22:11:27.003"/>
</kw>
<kw name="Login to the browser">
<arg>${username}</arg>
<arg>${password}</arg>
<kw name="Input Text" library="SeleniumLibrary">
<arg>${T3}[username]</arg>
<arg>${username}</arg>
<doc>Types the given ``text`` into the text field identified by ``locator``.</doc>
<msg timestamp="20231018 22:11:27.004" level="INFO">Typing text 'standard_user' into text field 'css:#user-name'.</msg>
<status status="PASS" starttime="20231018 22:11:27.003" endtime="20231018 22:11:27.135"/>
</kw>
<kw name="Input Text" library="SeleniumLibrary">
<arg>${T3}[pass]</arg>
<arg>${password}</arg>
<doc>Types the given ``text`` into the text field identified by ``locator``.</doc>
<msg timestamp="20231018 22:11:27.136" level="INFO">Typing text 'asdfg' into text field 'css:#password'.</msg>
<status status="PASS" starttime="20231018 22:11:27.135" endtime="20231018 22:11:27.224"/>
</kw>
<kw name="Click Element" library="SeleniumLibrary">
<arg>${T3}[lg-btn]</arg>
<doc>Click the element identified by ``locator``.</doc>
<msg timestamp="20231018 22:11:27.225" level="INFO">Clicking element 'css:#login-button'.</msg>
<status status="PASS" starttime="20231018 22:11:27.225" endtime="20231018 22:11:27.301"/>
</kw>
<status status="PASS" starttime="20231018 22:11:27.003" endtime="20231018 22:11:27.301"/>
</kw>
<status status="PASS" starttime="20231018 22:11:26.867" endtime="20231018 22:11:27.301"/>
</kw>
<kw name="Close Browser" library="SeleniumLibrary" type="TEARDOWN">
<doc>Closes the current browser.</doc>
<status status="PASS" starttime="20231018 22:11:27.302" endtime="20231018 22:11:29.443"/>
</kw>
<status status="PASS" starttime="20231018 22:11:24.081" endtime="20231018 22:11:29.444"/>
</test>
<test id="s1-t4" name="Characters" line="13">
<kw name="Open second browser" library="lib" type="SETUP">
<kw name="Open Browser" library="SeleniumLibrary">
<arg>https://www.saucedemo.com/</arg>
<arg>Chrome</arg>
<doc>Opens a new browser instance to the optional ``url``.</doc>
<msg timestamp="20231018 22:11:29.447" level="INFO">Opening browser 'Chrome' to base url 'https://www.saucedemo.com/'.</msg>
<status status="PASS" starttime="20231018 22:11:29.446" endtime="20231018 22:11:32.271"/>
</kw>
<status status="PASS" starttime="20231018 22:11:29.446" endtime="20231018 22:11:32.272"/>
</kw>
<kw name="Test Case 1">
<arg>@#$%^&amp;%^</arg>
<arg>@#$%^&amp;</arg>
<kw name="Maximize Browser Window" library="SeleniumLibrary">
<doc>Maximizes current browser window.</doc>
<status status="PASS" starttime="20231018 22:11:32.274" endtime="20231018 22:11:32.401"/>
</kw>
<kw name="Login to the browser">
<arg>${username}</arg>
<arg>${password}</arg>
<kw name="Input Text" library="SeleniumLibrary">
<arg>${T3}[username]</arg>
<arg>${username}</arg>
<doc>Types the given ``text`` into the text field identified by ``locator``.</doc>
<msg timestamp="20231018 22:11:32.403" level="INFO">Typing text '@#$%^&amp;%^' into text field 'css:#user-name'.</msg>
<status status="PASS" starttime="20231018 22:11:32.402" endtime="20231018 22:11:32.556"/>
</kw>
<kw name="Input Text" library="SeleniumLibrary">
<arg>${T3}[pass]</arg>
<arg>${password}</arg>
<doc>Types the given ``text`` into the text field identified by ``locator``.</doc>
<msg timestamp="20231018 22:11:32.557" level="INFO">Typing text '@#$%^&amp;' into text field 'css:#password'.</msg>
<status status="PASS" starttime="20231018 22:11:32.556" endtime="20231018 22:11:32.663"/>
</kw>
<kw name="Click Element" library="SeleniumLibrary">
<arg>${T3}[lg-btn]</arg>
<doc>Click the element identified by ``locator``.</doc>
<msg timestamp="20231018 22:11:32.664" level="INFO">Clicking element 'css:#login-button'.</msg>
<status status="PASS" starttime="20231018 22:11:32.663" endtime="20231018 22:11:32.731"/>
</kw>
<status status="PASS" starttime="20231018 22:11:32.402" endtime="20231018 22:11:32.731"/>
</kw>
<status status="PASS" starttime="20231018 22:11:32.272" endtime="20231018 22:11:32.731"/>
</kw>
<kw name="Close Browser" library="SeleniumLibrary" type="TEARDOWN">
<doc>Closes the current browser.</doc>
<status status="PASS" starttime="20231018 22:11:32.732" endtime="20231018 22:11:34.877"/>
</kw>
<status status="PASS" starttime="20231018 22:11:29.446" endtime="20231018 22:11:34.878"/>
</test>
<status status="PASS" starttime="20231018 22:11:10.037" endtime="20231018 22:11:34.880"/>
</suite>
<statistics>
<total>
<stat pass="4" fail="0" skip="0">All Tests</stat>
</total>
<tag>
</tag>
<suite>
<stat pass="4" fail="0" skip="0" id="s1" name="Parameterize">Parameterize</stat>
</suite>
</statistics>
<errors>
</errors>
</robot>
