<?xml version="1.0" encoding="UTF-8"?>
<robot generator="Robot 6.1.1 (Python 3.12.0 on win32)" generated="20231022 14:23:11.054" rpa="false" schemaversion="4">
<suite id="s1" name="Shopping 1" source="c:\Users\KEAM IVAN\Sample\tests\shopping_1.robot">
<kw name="Open shop site" library="lib" type="SETUP">
<kw name="Open Browser" library="SeleniumLibrary">
<arg>https://react-shopping-cart-67954.firebaseapp.com/</arg>
<arg>Chrome</arg>
<doc>Opens a new browser instance to the optional ``url``.</doc>
<msg timestamp="20231022 14:23:12.402" level="INFO">Opening browser 'Chrome' to base url 'https://react-shopping-cart-67954.firebaseapp.com/'.</msg>
<status status="PASS" starttime="20231022 14:23:12.394" endtime="20231022 14:23:14.898"/>
</kw>
<kw name="Maximize Browser Window" library="SeleniumLibrary">
<doc>Maximizes current browser window.</doc>
<status status="PASS" starttime="20231022 14:23:14.902" endtime="20231022 14:23:15.049"/>
</kw>
<status status="PASS" starttime="20231022 14:23:12.389" endtime="20231022 14:23:15.051"/>
</kw>
<test id="s1-t1" name="Add different clothes" line="8">
<kw name="Select sizes">
<kw name="Create List" library="BuiltIn">
<var>@{List_Sizes}</var>
<arg>M</arg>
<arg>L</arg>
<doc>Returns a list containing given items.</doc>
<msg timestamp="20231022 14:23:15.062" level="INFO">@{List_Sizes} = [ M | L ]</msg>
<status status="PASS" starttime="20231022 14:23:15.059" endtime="20231022 14:23:15.063"/>
</kw>
<kw name="Get WebElements" library="SeleniumLibrary">
<var>${web_elements}</var>
<arg>${Shopping}[sizes]</arg>
<doc>Returns a list of WebElement objects matching the ``locator``.</doc>
<msg timestamp="20231022 14:23:15.093" level="INFO">${web_elements} = [&lt;selenium.webdriver.remote.webelement.WebElement (session="3bbee3803cc4137325c2569337572258", element="98FDD0BD40FD94DEE6E2E2BB05D6B07B_element_12")&gt;, &lt;selenium.webdriver.remote.webelement.WebElement...</msg>
<status status="PASS" starttime="20231022 14:23:15.064" endtime="20231022 14:23:15.094"/>
</kw>
<kw name="Set Variable" library="BuiltIn">
<var>${count}</var>
<arg>1</arg>
<doc>Returns the given values which can then be assigned to a variables.</doc>
<msg timestamp="20231022 14:23:15.099" level="INFO">${count} = 1</msg>
<status status="PASS" starttime="20231022 14:23:15.096" endtime="20231022 14:23:15.101"/>
</kw>
<for flavor="IN">
<var>${element}</var>
<value>@{web_elements}</value>
<iter>
<var name="${element}">&lt;selenium.webdriver.remote.webelement.WebElement (session="3bbee3803cc4137325c2569337572258", element="98FDD0BD40FD94DEE6E2E2BB05D6B07B_element_12")&gt;</var>
<for flavor="IN">
<var>${size}</var>
<value>@{List_Sizes}</value>
<iter>
<var name="${size}">M</var>
<if>
<branch type="IF" condition="'${element.text}' == '${size}'">
<kw name="Click Element" library="SeleniumLibrary">
<arg>xpath=//*[@class='sc-bj2vay-1 hcyKTa'][${count}]/label/span</arg>
<doc>Click the element identified by ``locator``.</doc>
<status status="NOT RUN" starttime="20231022 14:23:15.148" endtime="20231022 14:23:15.150"/>
</kw>
<status status="NOT RUN" starttime="20231022 14:23:15.113" endtime="20231022 14:23:15.151"/>
</branch>
<status status="PASS" starttime="20231022 14:23:15.112" endtime="20231022 14:23:15.152"/>
</if>
<status status="PASS" starttime="20231022 14:23:15.110" endtime="20231022 14:23:15.153"/>
</iter>
<iter>
<var name="${size}">L</var>
<if>
<branch type="IF" condition="'${element.text}' == '${size}'">
<kw name="Click Element" library="SeleniumLibrary">
<arg>xpath=//*[@class='sc-bj2vay-1 hcyKTa'][${count}]/label/span</arg>
<doc>Click the element identified by ``locator``.</doc>
<status status="NOT RUN" starttime="20231022 14:23:15.182" endtime="20231022 14:23:15.183"/>
</kw>
<status status="NOT RUN" starttime="20231022 14:23:15.158" endtime="20231022 14:23:15.185"/>
</branch>
<status status="PASS" starttime="20231022 14:23:15.157" endtime="20231022 14:23:15.186"/>
</if>
<status status="PASS" starttime="20231022 14:23:15.155" endtime="20231022 14:23:15.186"/>
</iter>
<status status="PASS" starttime="20231022 14:23:15.106" endtime="20231022 14:23:15.188"/>
</for>
<kw name="Evaluate" library="BuiltIn">
<var>${count}</var>
<arg>${count}+1</arg>
<doc>Evaluates the given expression in Python and returns the result.</doc>
<msg timestamp="20231022 14:23:15.193" level="INFO">${count} = 2</msg>
<status status="PASS" starttime="20231022 14:23:15.190" endtime="20231022 14:23:15.194"/>
</kw>
<status status="PASS" starttime="20231022 14:23:15.104" endtime="20231022 14:23:15.196"/>
</iter>
<iter>
<var name="${element}">&lt;selenium.webdriver.remote.webelement.WebElement (session="3bbee3803cc4137325c2569337572258", element="98FDD0BD40FD94DEE6E2E2BB05D6B07B_element_13")&gt;</var>
<for flavor="IN">
<var>${size}</var>
<value>@{List_Sizes}</value>
<iter>
<var name="${size}">M</var>
<if>
<branch type="IF" condition="'${element.text}' == '${size}'">
<kw name="Click Element" library="SeleniumLibrary">
<arg>xpath=//*[@class='sc-bj2vay-1 hcyKTa'][${count}]/label/span</arg>
<doc>Click the element identified by ``locator``.</doc>
<status status="NOT RUN" starttime="20231022 14:23:15.232" endtime="20231022 14:23:15.234"/>
</kw>
<status status="NOT RUN" starttime="20231022 14:23:15.204" endtime="20231022 14:23:15.236"/>
</branch>
<status status="PASS" starttime="20231022 14:23:15.204" endtime="20231022 14:23:15.238"/>
</if>
<status status="PASS" starttime="20231022 14:23:15.203" endtime="20231022 14:23:15.239"/>
</iter>
<iter>
<var name="${size}">L</var>
<if>
<branch type="IF" condition="'${element.text}' == '${size}'">
<kw name="Click Element" library="SeleniumLibrary">
<arg>xpath=//*[@class='sc-bj2vay-1 hcyKTa'][${count}]/label/span</arg>
<doc>Click the element identified by ``locator``.</doc>
<status status="NOT RUN" starttime="20231022 14:23:15.269" endtime="20231022 14:23:15.271"/>
</kw>
<status status="NOT RUN" starttime="20231022 14:23:15.242" endtime="20231022 14:23:15.272"/>
</branch>
<status status="PASS" starttime="20231022 14:23:15.242" endtime="20231022 14:23:15.273"/>
</if>
<status status="PASS" starttime="20231022 14:23:15.241" endtime="20231022 14:23:15.274"/>
</iter>
<status status="PASS" starttime="20231022 14:23:15.200" endtime="20231022 14:23:15.276"/>
</for>
<kw name="Evaluate" library="BuiltIn">
<var>${count}</var>
<arg>${count}+1</arg>
<doc>Evaluates the given expression in Python and returns the result.</doc>
<msg timestamp="20231022 14:23:15.280" level="INFO">${count} = 3</msg>
<status status="PASS" starttime="20231022 14:23:15.277" endtime="20231022 14:23:15.281"/>
</kw>
<status status="PASS" starttime="20231022 14:23:15.198" endtime="20231022 14:23:15.281"/>
</iter>
<iter>
<var name="${element}">&lt;selenium.webdriver.remote.webelement.WebElement (session="3bbee3803cc4137325c2569337572258", element="98FDD0BD40FD94DEE6E2E2BB05D6B07B_element_14")&gt;</var>
<for flavor="IN">
<var>${size}</var>
<value>@{List_Sizes}</value>
<iter>
<var name="${size}">M</var>
<if>
<branch type="IF" condition="'${element.text}' == '${size}'">
<kw name="Click Element" library="SeleniumLibrary">
<arg>xpath=//*[@class='sc-bj2vay-1 hcyKTa'][${count}]/label/span</arg>
<doc>Click the element identified by ``locator``.</doc>
<msg timestamp="20231022 14:23:15.312" level="INFO">Clicking element 'xpath=//*[@class='sc-bj2vay-1 hcyKTa'][3]/label/span'.</msg>
<status status="PASS" starttime="20231022 14:23:15.308" endtime="20231022 14:23:15.375"/>
</kw>
<status status="PASS" starttime="20231022 14:23:15.287" endtime="20231022 14:23:15.376"/>
</branch>
<status status="PASS" starttime="20231022 14:23:15.287" endtime="20231022 14:23:15.377"/>
</if>
<status status="PASS" starttime="20231022 14:23:15.285" endtime="20231022 14:23:15.377"/>
</iter>
<iter>
<var name="${size}">L</var>
<if>
<branch type="IF" condition="'${element.text}' == '${size}'">
<kw name="Click Element" library="SeleniumLibrary">
<arg>xpath=//*[@class='sc-bj2vay-1 hcyKTa'][${count}]/label/span</arg>
<doc>Click the element identified by ``locator``.</doc>
